[debug] [2025-05-09T23:43:42.362Z] ----------------------------------------------------------------------
[debug] [2025-05-09T23:43:42.363Z] Command:       /Users/ethanmaldonado/.nvm/versions/node/v18.20.6/bin/node /Users/ethanmaldonado/.nvm/versions/node/v18.20.6/bin/firebase emulators:start --only database
[debug] [2025-05-09T23:43:42.363Z] CLI Version:   13.35.1
[debug] [2025-05-09T23:43:42.363Z] Platform:      darwin
[debug] [2025-05-09T23:43:42.363Z] Node Version:  v18.20.6
[debug] [2025-05-09T23:43:42.363Z] Time:          Fri May 09 2025 16:43:42 GMT-0700 (Pacific Daylight Time)
[debug] [2025-05-09T23:43:42.363Z] ----------------------------------------------------------------------
[debug] 
[debug] [2025-05-09T23:43:42.452Z] > command requires scopes: ["email","openid","https://www.googleapis.com/auth/cloudplatformprojects.readonly","https://www.googleapis.com/auth/firebase","https://www.googleapis.com/auth/cloud-platform"]
[debug] [2025-05-09T23:43:42.452Z] > authorizing via signed-in user (eamaldonado01@gmail.com)
[debug] [2025-05-09T23:43:42.474Z] openjdk version "23.0.2" 2025-01-21

[debug] [2025-05-09T23:43:42.474Z] OpenJDK Runtime Environment Homebrew (build 23.0.2)
OpenJDK 64-Bit Server VM Homebrew (build 23.0.2, mixed mode, sharing)

[debug] [2025-05-09T23:43:42.476Z] Parsed Java major version: 23
[info] i  emulators: Starting emulators: database {"metadata":{"emulator":{"name":"hub"},"message":"Starting emulators: database"}}
[debug] [2025-05-09T23:43:42.670Z] [logging] Logging Emulator only supports listening on one address (127.0.0.1). Not listening on ::1
[debug] [2025-05-09T23:43:42.670Z] [database] Database Emulator only supports listening on one address (127.0.0.1). Not listening on ::1
[debug] [2025-05-09T23:43:42.670Z] assigned listening specs for emulators {"user":{"hub":[{"address":"127.0.0.1","family":"IPv4","port":4400},{"address":"::1","family":"IPv6","port":4400}],"ui":[{"address":"127.0.0.1","family":"IPv4","port":4000},{"address":"::1","family":"IPv6","port":4000}],"logging":[{"address":"127.0.0.1","family":"IPv4","port":4500}],"database":[{"address":"127.0.0.1","family":"IPv4","port":9000}]},"metadata":{"message":"assigned listening specs for emulators"}}
[debug] [2025-05-09T23:43:42.673Z] [hub] writing locator at /var/folders/56/mcvj908x4sxfl4r8nyllhk_w0000gn/T/hub-blackjack-52623.json
[debug] [2025-05-09T23:43:42.676Z] Checked if tokens are valid: false, expires at: 1746546269602
[debug] [2025-05-09T23:43:42.676Z] Checked if tokens are valid: false, expires at: 1746546269602
[debug] [2025-05-09T23:43:42.676Z] > refreshing access token with scopes: []
[debug] [2025-05-09T23:43:42.676Z] >>> [apiv2][query] POST https://www.googleapis.com/oauth2/v3/token [none]
[debug] [2025-05-09T23:43:42.676Z] >>> [apiv2][body] POST https://www.googleapis.com/oauth2/v3/token [omitted]
[debug] [2025-05-09T23:43:42.846Z] <<< [apiv2][status] POST https://www.googleapis.com/oauth2/v3/token 200
[debug] [2025-05-09T23:43:42.846Z] <<< [apiv2][body] POST https://www.googleapis.com/oauth2/v3/token [omitted]
[debug] [2025-05-09T23:43:42.857Z] >>> [apiv2][query] GET https://firebase.googleapis.com/v1beta1/projects/blackjack-52623 [none]
[debug] [2025-05-09T23:43:43.413Z] <<< [apiv2][status] GET https://firebase.googleapis.com/v1beta1/projects/blackjack-52623 200
[debug] [2025-05-09T23:43:43.414Z] <<< [apiv2][body] GET https://firebase.googleapis.com/v1beta1/projects/blackjack-52623 {"projectId":"blackjack-52623","projectNumber":"503128417986","displayName":"blackjack","name":"projects/blackjack-52623","resources":{"hostingSite":"blackjack-52623","realtimeDatabaseInstance":"blackjack-52623-default-rtdb"},"state":"ACTIVE","etag":"1_6e2afdbd-cf94-40ca-9ffd-483e169b08b8"}
[debug] [2025-05-09T23:43:43.414Z] database rules config:  []
[warn] ⚠  database: Did not find a Realtime Database rules file specified in a firebase.json config file. The emulator will default to allowing all reads and writes. Learn more about this option: https://firebase.google.com/docs/emulator-suite/install_and_configure#security_rules_configuration. {"metadata":{"emulator":{"name":"database"},"message":"Did not find a Realtime Database rules file specified in a firebase.json config file. The emulator will default to allowing all reads and writes. Learn more about this option: https://firebase.google.com/docs/emulator-suite/install_and_configure#security_rules_configuration."}}
[info] i  database: downloading firebase-database-emulator-v4.11.2.jar... {"metadata":{"emulator":{"name":"database"},"message":"downloading firebase-database-emulator-v4.11.2.jar..."}}
[debug] [2025-05-09T23:43:43.422Z] >>> [apiv2][query] GET https://storage.googleapis.com/firebase-preview-drop/emulator/firebase-database-emulator-v4.11.2.jar 
[debug] [2025-05-09T23:43:43.639Z] <<< [apiv2][status] GET https://storage.googleapis.com/firebase-preview-drop/emulator/firebase-database-emulator-v4.11.2.jar 200
[debug] [2025-05-09T23:43:43.639Z] <<< [apiv2][body] GET https://storage.googleapis.com/firebase-preview-drop/emulator/firebase-database-emulator-v4.11.2.jar [stream]
[debug] [2025-05-09T23:43:45.293Z] Ignoring unsupported arg: projectId {"metadata":{"emulator":{"name":"database"},"message":"Ignoring unsupported arg: projectId"}}
[debug] [2025-05-09T23:43:45.293Z] Ignoring unsupported arg: auto_download {"metadata":{"emulator":{"name":"database"},"message":"Ignoring unsupported arg: auto_download"}}
[debug] [2025-05-09T23:43:45.293Z] Ignoring unsupported arg: rules {"metadata":{"emulator":{"name":"database"},"message":"Ignoring unsupported arg: rules"}}
[debug] [2025-05-09T23:43:45.293Z] Starting Database Emulator with command {"binary":"java","args":["-Duser.language=en","-jar","/Users/ethanmaldonado/.cache/firebase/emulators/firebase-database-emulator-v4.11.2.jar","--host","127.0.0.1","--port",9000,"--single_project_mode","Warning"],"optionalArgs":["port","host","functions_emulator_port","functions_emulator_host","single_project_mode"],"joinArgs":false,"shell":false,"port":9000} {"metadata":{"emulator":{"name":"database"},"message":"Starting Database Emulator with command {\"binary\":\"java\",\"args\":[\"-Duser.language=en\",\"-jar\",\"/Users/ethanmaldonado/.cache/firebase/emulators/firebase-database-emulator-v4.11.2.jar\",\"--host\",\"127.0.0.1\",\"--port\",9000,\"--single_project_mode\",\"Warning\"],\"optionalArgs\":[\"port\",\"host\",\"functions_emulator_port\",\"functions_emulator_host\",\"single_project_mode\"],\"joinArgs\":false,\"shell\":false,\"port\":9000}"}}
[info] i  database: Database Emulator logging to database-debug.log {"metadata":{"emulator":{"name":"database"},"message":"Database Emulator logging to \u001b[1mdatabase-debug.log\u001b[22m"}}
[debug] [2025-05-09T23:43:45.677Z] 16:43:45.676 [NamespaceSystem-akka.actor.default-dispatcher-5] INFO akka.event.slf4j.Slf4jLogger - Slf4jLogger started
 {"metadata":{"emulator":{"name":"database"},"message":"16:43:45.676 [NamespaceSystem-akka.actor.default-dispatcher-5] INFO akka.event.slf4j.Slf4jLogger - Slf4jLogger started\n"}}
[debug] [2025-05-09T23:43:45.728Z] 16:43:45.728 [main] INFO com.firebase.server.forge.App$ - Listening at 127.0.0.1:9000
 {"metadata":{"emulator":{"name":"database"},"message":"16:43:45.728 [main] INFO com.firebase.server.forge.App$ - Listening at 127.0.0.1:9000\n"}}
[info] i  ui: downloading ui-v1.14.0.zip... {"metadata":{"emulator":{"name":"ui"},"message":"downloading ui-v1.14.0.zip..."}}
[debug] [2025-05-09T23:43:45.907Z] >>> [apiv2][query] GET https://storage.googleapis.com/firebase-preview-drop/emulator/ui-v1.14.0.zip 
[debug] [2025-05-09T23:43:46.064Z] <<< [apiv2][status] GET https://storage.googleapis.com/firebase-preview-drop/emulator/ui-v1.14.0.zip 200
[debug] [2025-05-09T23:43:46.064Z] <<< [apiv2][body] GET https://storage.googleapis.com/firebase-preview-drop/emulator/ui-v1.14.0.zip [stream]
[debug] [2025-05-09T23:43:46.398Z] Data is 3615311
[debug] [2025-05-09T23:43:46.399Z] [unzip] Entry: client/ (compressed_size=0 bytes, uncompressed_size=0 bytes)
[debug] [2025-05-09T23:43:46.399Z] [unzip] Processing entry: client/
[debug] [2025-05-09T23:43:46.399Z] [unzip] mkdir: /Users/ethanmaldonado/.cache/firebase/emulators/ui-v1.14.0/client/
[debug] [2025-05-09T23:43:46.399Z] [unzip] Entry: client/favicon-16x16.png (compressed_size=293 bytes, uncompressed_size=293 bytes)
[debug] [2025-05-09T23:43:46.399Z] [unzip] Processing entry: client/favicon-16x16.png
[debug] [2025-05-09T23:43:46.399Z] [unzip] else mkdir: /Users/ethanmaldonado/.cache/firebase/emulators/ui-v1.14.0/client
[debug] [2025-05-09T23:43:46.400Z] [unzip] Writing file: /Users/ethanmaldonado/.cache/firebase/emulators/ui-v1.14.0/client/favicon-16x16.png
[debug] [2025-05-09T23:43:46.400Z] [unzip] Entry: client/safari-pinned-tab.svg (compressed_size=1433 bytes, uncompressed_size=2611 bytes)
[debug] [2025-05-09T23:43:46.400Z] [unzip] Processing entry: client/safari-pinned-tab.svg
[debug] [2025-05-09T23:43:46.400Z] [unzip] else mkdir: /Users/ethanmaldonado/.cache/firebase/emulators/ui-v1.14.0/client
[debug] [2025-05-09T23:43:46.401Z] [unzip] deflating: /Users/ethanmaldonado/.cache/firebase/emulators/ui-v1.14.0/client/safari-pinned-tab.svg
[debug] [2025-05-09T23:43:46.403Z] [unzip] Entry: client/favicon.ico (compressed_size=2933 bytes, uncompressed_size=13294 bytes)
[debug] [2025-05-09T23:43:46.403Z] [unzip] Processing entry: client/favicon.ico
[debug] [2025-05-09T23:43:46.403Z] [unzip] else mkdir: /Users/ethanmaldonado/.cache/firebase/emulators/ui-v1.14.0/client
[debug] [2025-05-09T23:43:46.403Z] [unzip] deflating: /Users/ethanmaldonado/.cache/firebase/emulators/ui-v1.14.0/client/favicon.ico
[debug] [2025-05-09T23:43:46.404Z] [unzip] Entry: client/index.html (compressed_size=1363 bytes, uncompressed_size=3071 bytes)
[debug] [2025-05-09T23:43:46.404Z] [unzip] Processing entry: client/index.html
[debug] [2025-05-09T23:43:46.404Z] [unzip] else mkdir: /Users/ethanmaldonado/.cache/firebase/emulators/ui-v1.14.0/client
[debug] [2025-05-09T23:43:46.404Z] [unzip] deflating: /Users/ethanmaldonado/.cache/firebase/emulators/ui-v1.14.0/client/index.html
[debug] [2025-05-09T23:43:46.405Z] [unzip] Entry: client/android-chrome-192x192.png (compressed_size=2684 bytes, uncompressed_size=2684 bytes)
[debug] [2025-05-09T23:43:46.405Z] [unzip] Processing entry: client/android-chrome-192x192.png
[debug] [2025-05-09T23:43:46.405Z] [unzip] else mkdir: /Users/ethanmaldonado/.cache/firebase/emulators/ui-v1.14.0/client
[debug] [2025-05-09T23:43:46.405Z] [unzip] Writing file: /Users/ethanmaldonado/.cache/firebase/emulators/ui-v1.14.0/client/android-chrome-192x192.png
[debug] [2025-05-09T23:43:46.405Z] [unzip] Entry: client/apple-touch-icon.png (compressed_size=2123 bytes, uncompressed_size=2152 bytes)
[debug] [2025-05-09T23:43:46.405Z] [unzip] Processing entry: client/apple-touch-icon.png
[debug] [2025-05-09T23:43:46.405Z] [unzip] else mkdir: /Users/ethanmaldonado/.cache/firebase/emulators/ui-v1.14.0/client
[debug] [2025-05-09T23:43:46.405Z] [unzip] deflating: /Users/ethanmaldonado/.cache/firebase/emulators/ui-v1.14.0/client/apple-touch-icon.png
[debug] [2025-05-09T23:43:46.406Z] [unzip] Entry: client/android-chrome-512x512.png (compressed_size=5369 bytes, uncompressed_size=5411 bytes)
[debug] [2025-05-09T23:43:46.406Z] [unzip] Processing entry: client/android-chrome-512x512.png
[debug] [2025-05-09T23:43:46.406Z] [unzip] else mkdir: /Users/ethanmaldonado/.cache/firebase/emulators/ui-v1.14.0/client
[debug] [2025-05-09T23:43:46.406Z] [unzip] deflating: /Users/ethanmaldonado/.cache/firebase/emulators/ui-v1.14.0/client/android-chrome-512x512.png
[debug] [2025-05-09T23:43:46.406Z] [unzip] Entry: client/manifest.json (compressed_size=245 bytes, uncompressed_size=551 bytes)
[debug] [2025-05-09T23:43:46.406Z] [unzip] Processing entry: client/manifest.json
[debug] [2025-05-09T23:43:46.407Z] [unzip] else mkdir: /Users/ethanmaldonado/.cache/firebase/emulators/ui-v1.14.0/client
[debug] [2025-05-09T23:43:46.407Z] [unzip] deflating: /Users/ethanmaldonado/.cache/firebase/emulators/ui-v1.14.0/client/manifest.json
[debug] [2025-05-09T23:43:46.407Z] [unzip] Entry: client/robots.txt (compressed_size=26 bytes, uncompressed_size=26 bytes)
[debug] [2025-05-09T23:43:46.407Z] [unzip] Processing entry: client/robots.txt
[debug] [2025-05-09T23:43:46.407Z] [unzip] else mkdir: /Users/ethanmaldonado/.cache/firebase/emulators/ui-v1.14.0/client
[debug] [2025-05-09T23:43:46.407Z] [unzip] Writing file: /Users/ethanmaldonado/.cache/firebase/emulators/ui-v1.14.0/client/robots.txt
[debug] [2025-05-09T23:43:46.407Z] [unzip] Entry: client/mstile-150x150.png (compressed_size=2034 bytes, uncompressed_size=2034 bytes)
[debug] [2025-05-09T23:43:46.407Z] [unzip] Processing entry: client/mstile-150x150.png
[debug] [2025-05-09T23:43:46.407Z] [unzip] else mkdir: /Users/ethanmaldonado/.cache/firebase/emulators/ui-v1.14.0/client
[debug] [2025-05-09T23:43:46.407Z] [unzip] Writing file: /Users/ethanmaldonado/.cache/firebase/emulators/ui-v1.14.0/client/mstile-150x150.png
[debug] [2025-05-09T23:43:46.408Z] [unzip] Entry: client/assets/ (compressed_size=0 bytes, uncompressed_size=0 bytes)
[debug] [2025-05-09T23:43:46.408Z] [unzip] Processing entry: client/assets/
[debug] [2025-05-09T23:43:46.408Z] [unzip] mkdir: /Users/ethanmaldonado/.cache/firebase/emulators/ui-v1.14.0/client/assets/
[debug] [2025-05-09T23:43:46.408Z] [unzip] Entry: client/assets/index-ClZTY_JS.js.map (compressed_size=2328270 bytes, uncompressed_size=9947004 bytes)
[debug] [2025-05-09T23:43:46.408Z] [unzip] Processing entry: client/assets/index-ClZTY_JS.js.map
[debug] [2025-05-09T23:43:46.408Z] [unzip] else mkdir: /Users/ethanmaldonado/.cache/firebase/emulators/ui-v1.14.0/client/assets
[debug] [2025-05-09T23:43:46.408Z] [unzip] deflating: /Users/ethanmaldonado/.cache/firebase/emulators/ui-v1.14.0/client/assets/index-ClZTY_JS.js.map
[debug] [2025-05-09T23:43:46.435Z] [unzip] Entry: client/assets/index-ClZTY_JS.js (compressed_size=567195 bytes, uncompressed_size=2035940 bytes)
[debug] [2025-05-09T23:43:46.435Z] [unzip] Processing entry: client/assets/index-ClZTY_JS.js
[debug] [2025-05-09T23:43:46.435Z] [unzip] else mkdir: /Users/ethanmaldonado/.cache/firebase/emulators/ui-v1.14.0/client/assets
[debug] [2025-05-09T23:43:46.435Z] [unzip] deflating: /Users/ethanmaldonado/.cache/firebase/emulators/ui-v1.14.0/client/assets/index-ClZTY_JS.js
[debug] [2025-05-09T23:43:46.440Z] [unzip] Entry: client/assets/index-BdgySamB.css (compressed_size=35979 bytes, uncompressed_size=298654 bytes)
[debug] [2025-05-09T23:43:46.440Z] [unzip] Processing entry: client/assets/index-BdgySamB.css
[debug] [2025-05-09T23:43:46.440Z] [unzip] else mkdir: /Users/ethanmaldonado/.cache/firebase/emulators/ui-v1.14.0/client/assets
[debug] [2025-05-09T23:43:46.440Z] [unzip] deflating: /Users/ethanmaldonado/.cache/firebase/emulators/ui-v1.14.0/client/assets/index-BdgySamB.css
[debug] [2025-05-09T23:43:46.441Z] [unzip] Entry: client/assets/extensions/ (compressed_size=0 bytes, uncompressed_size=0 bytes)
[debug] [2025-05-09T23:43:46.441Z] [unzip] Processing entry: client/assets/extensions/
[debug] [2025-05-09T23:43:46.441Z] [unzip] mkdir: /Users/ethanmaldonado/.cache/firebase/emulators/ui-v1.14.0/client/assets/extensions/
[debug] [2025-05-09T23:43:46.441Z] [unzip] Entry: client/assets/extensions/default-extension.png (compressed_size=1646 bytes, uncompressed_size=1657 bytes)
[debug] [2025-05-09T23:43:46.441Z] [unzip] Processing entry: client/assets/extensions/default-extension.png
[debug] [2025-05-09T23:43:46.441Z] [unzip] else mkdir: /Users/ethanmaldonado/.cache/firebase/emulators/ui-v1.14.0/client/assets/extensions
[debug] [2025-05-09T23:43:46.441Z] [unzip] deflating: /Users/ethanmaldonado/.cache/firebase/emulators/ui-v1.14.0/client/assets/extensions/default-extension.png
[debug] [2025-05-09T23:43:46.441Z] [unzip] Entry: client/assets/img/ (compressed_size=0 bytes, uncompressed_size=0 bytes)
[debug] [2025-05-09T23:43:46.441Z] [unzip] Processing entry: client/assets/img/
[debug] [2025-05-09T23:43:46.441Z] [unzip] mkdir: /Users/ethanmaldonado/.cache/firebase/emulators/ui-v1.14.0/client/assets/img/
[debug] [2025-05-09T23:43:46.441Z] [unzip] Entry: client/assets/img/database.png (compressed_size=29449 bytes, uncompressed_size=29988 bytes)
[debug] [2025-05-09T23:43:46.442Z] [unzip] Processing entry: client/assets/img/database.png
[debug] [2025-05-09T23:43:46.442Z] [unzip] else mkdir: /Users/ethanmaldonado/.cache/firebase/emulators/ui-v1.14.0/client/assets/img
[debug] [2025-05-09T23:43:46.442Z] [unzip] deflating: /Users/ethanmaldonado/.cache/firebase/emulators/ui-v1.14.0/client/assets/img/database.png
[debug] [2025-05-09T23:43:46.442Z] [unzip] Entry: client/assets/provider-icons/ (compressed_size=0 bytes, uncompressed_size=0 bytes)
[debug] [2025-05-09T23:43:46.442Z] [unzip] Processing entry: client/assets/provider-icons/
[debug] [2025-05-09T23:43:46.442Z] [unzip] mkdir: /Users/ethanmaldonado/.cache/firebase/emulators/ui-v1.14.0/client/assets/provider-icons/
[debug] [2025-05-09T23:43:46.442Z] [unzip] Entry: client/assets/provider-icons/auth_service_saml.svg (compressed_size=575 bytes, uncompressed_size=1226 bytes)
[debug] [2025-05-09T23:43:46.442Z] [unzip] Processing entry: client/assets/provider-icons/auth_service_saml.svg
[debug] [2025-05-09T23:43:46.442Z] [unzip] else mkdir: /Users/ethanmaldonado/.cache/firebase/emulators/ui-v1.14.0/client/assets/provider-icons
[debug] [2025-05-09T23:43:46.442Z] [unzip] deflating: /Users/ethanmaldonado/.cache/firebase/emulators/ui-v1.14.0/client/assets/provider-icons/auth_service_saml.svg
[debug] [2025-05-09T23:43:46.442Z] [unzip] Entry: client/assets/provider-icons/auth_service_phone.svg (compressed_size=261 bytes, uncompressed_size=414 bytes)
[debug] [2025-05-09T23:43:46.442Z] [unzip] Processing entry: client/assets/provider-icons/auth_service_phone.svg
[debug] [2025-05-09T23:43:46.443Z] [unzip] else mkdir: /Users/ethanmaldonado/.cache/firebase/emulators/ui-v1.14.0/client/assets/provider-icons
[debug] [2025-05-09T23:43:46.443Z] [unzip] deflating: /Users/ethanmaldonado/.cache/firebase/emulators/ui-v1.14.0/client/assets/provider-icons/auth_service_phone.svg
[debug] [2025-05-09T23:43:46.443Z] [unzip] Entry: client/assets/provider-icons/auth_service_facebook.svg (compressed_size=289 bytes, uncompressed_size=457 bytes)
[debug] [2025-05-09T23:43:46.443Z] [unzip] Processing entry: client/assets/provider-icons/auth_service_facebook.svg
[debug] [2025-05-09T23:43:46.443Z] [unzip] else mkdir: /Users/ethanmaldonado/.cache/firebase/emulators/ui-v1.14.0/client/assets/provider-icons
[debug] [2025-05-09T23:43:46.443Z] [unzip] deflating: /Users/ethanmaldonado/.cache/firebase/emulators/ui-v1.14.0/client/assets/provider-icons/auth_service_facebook.svg
[debug] [2025-05-09T23:43:46.443Z] [unzip] Entry: client/assets/provider-icons/auth_service_game_center.svg (compressed_size=991 bytes, uncompressed_size=3921 bytes)
[debug] [2025-05-09T23:43:46.443Z] [unzip] Processing entry: client/assets/provider-icons/auth_service_game_center.svg
[debug] [2025-05-09T23:43:46.443Z] [unzip] else mkdir: /Users/ethanmaldonado/.cache/firebase/emulators/ui-v1.14.0/client/assets/provider-icons
[debug] [2025-05-09T23:43:46.443Z] [unzip] deflating: /Users/ethanmaldonado/.cache/firebase/emulators/ui-v1.14.0/client/assets/provider-icons/auth_service_game_center.svg
[debug] [2025-05-09T23:43:46.443Z] [unzip] Entry: client/assets/provider-icons/auth_service_apple.svg (compressed_size=230 bytes, uncompressed_size=334 bytes)
[debug] [2025-05-09T23:43:46.443Z] [unzip] Processing entry: client/assets/provider-icons/auth_service_apple.svg
[debug] [2025-05-09T23:43:46.443Z] [unzip] else mkdir: /Users/ethanmaldonado/.cache/firebase/emulators/ui-v1.14.0/client/assets/provider-icons
[debug] [2025-05-09T23:43:46.443Z] [unzip] deflating: /Users/ethanmaldonado/.cache/firebase/emulators/ui-v1.14.0/client/assets/provider-icons/auth_service_apple.svg
[debug] [2025-05-09T23:43:46.444Z] [unzip] Entry: client/assets/provider-icons/auth_service_github.svg (compressed_size=466 bytes, uncompressed_size=838 bytes)
[debug] [2025-05-09T23:43:46.444Z] [unzip] Processing entry: client/assets/provider-icons/auth_service_github.svg
[debug] [2025-05-09T23:43:46.444Z] [unzip] else mkdir: /Users/ethanmaldonado/.cache/firebase/emulators/ui-v1.14.0/client/assets/provider-icons
[debug] [2025-05-09T23:43:46.444Z] [unzip] deflating: /Users/ethanmaldonado/.cache/firebase/emulators/ui-v1.14.0/client/assets/provider-icons/auth_service_github.svg
[debug] [2025-05-09T23:43:46.444Z] [unzip] Entry: client/assets/provider-icons/auth_service_mslive.svg (compressed_size=203 bytes, uncompressed_size=378 bytes)
[debug] [2025-05-09T23:43:46.444Z] [unzip] Processing entry: client/assets/provider-icons/auth_service_mslive.svg
[debug] [2025-05-09T23:43:46.444Z] [unzip] else mkdir: /Users/ethanmaldonado/.cache/firebase/emulators/ui-v1.14.0/client/assets/provider-icons
[debug] [2025-05-09T23:43:46.444Z] [unzip] deflating: /Users/ethanmaldonado/.cache/firebase/emulators/ui-v1.14.0/client/assets/provider-icons/auth_service_mslive.svg
[debug] [2025-05-09T23:43:46.444Z] [unzip] Entry: client/assets/provider-icons/auth_service_yahoo.svg (compressed_size=577 bytes, uncompressed_size=1182 bytes)
[debug] [2025-05-09T23:43:46.444Z] [unzip] Processing entry: client/assets/provider-icons/auth_service_yahoo.svg
[debug] [2025-05-09T23:43:46.444Z] [unzip] else mkdir: /Users/ethanmaldonado/.cache/firebase/emulators/ui-v1.14.0/client/assets/provider-icons
[debug] [2025-05-09T23:43:46.444Z] [unzip] deflating: /Users/ethanmaldonado/.cache/firebase/emulators/ui-v1.14.0/client/assets/provider-icons/auth_service_yahoo.svg
[debug] [2025-05-09T23:43:46.444Z] [unzip] Entry: client/assets/provider-icons/auth_service_twitter.svg (compressed_size=444 bytes, uncompressed_size=751 bytes)
[debug] [2025-05-09T23:43:46.445Z] [unzip] Processing entry: client/assets/provider-icons/auth_service_twitter.svg
[debug] [2025-05-09T23:43:46.445Z] [unzip] else mkdir: /Users/ethanmaldonado/.cache/firebase/emulators/ui-v1.14.0/client/assets/provider-icons
[debug] [2025-05-09T23:43:46.445Z] [unzip] deflating: /Users/ethanmaldonado/.cache/firebase/emulators/ui-v1.14.0/client/assets/provider-icons/auth_service_twitter.svg
[debug] [2025-05-09T23:43:46.445Z] [unzip] Entry: client/assets/provider-icons/auth_service_play_games.svg (compressed_size=565 bytes, uncompressed_size=1173 bytes)
[debug] [2025-05-09T23:43:46.445Z] [unzip] Processing entry: client/assets/provider-icons/auth_service_play_games.svg
[debug] [2025-05-09T23:43:46.445Z] [unzip] else mkdir: /Users/ethanmaldonado/.cache/firebase/emulators/ui-v1.14.0/client/assets/provider-icons
[debug] [2025-05-09T23:43:46.445Z] [unzip] deflating: /Users/ethanmaldonado/.cache/firebase/emulators/ui-v1.14.0/client/assets/provider-icons/auth_service_play_games.svg
[debug] [2025-05-09T23:43:46.445Z] [unzip] Entry: client/assets/provider-icons/auth_service_email.svg (compressed_size=228 bytes, uncompressed_size=326 bytes)
[debug] [2025-05-09T23:43:46.445Z] [unzip] Processing entry: client/assets/provider-icons/auth_service_email.svg
[debug] [2025-05-09T23:43:46.445Z] [unzip] else mkdir: /Users/ethanmaldonado/.cache/firebase/emulators/ui-v1.14.0/client/assets/provider-icons
[debug] [2025-05-09T23:43:46.445Z] [unzip] deflating: /Users/ethanmaldonado/.cache/firebase/emulators/ui-v1.14.0/client/assets/provider-icons/auth_service_email.svg
[debug] [2025-05-09T23:43:46.445Z] [unzip] Entry: client/assets/provider-icons/auth_service_google.svg (compressed_size=409 bytes, uncompressed_size=720 bytes)
[debug] [2025-05-09T23:43:46.445Z] [unzip] Processing entry: client/assets/provider-icons/auth_service_google.svg
[debug] [2025-05-09T23:43:46.445Z] [unzip] else mkdir: /Users/ethanmaldonado/.cache/firebase/emulators/ui-v1.14.0/client/assets/provider-icons
[debug] [2025-05-09T23:43:46.445Z] [unzip] deflating: /Users/ethanmaldonado/.cache/firebase/emulators/ui-v1.14.0/client/assets/provider-icons/auth_service_google.svg
[debug] [2025-05-09T23:43:46.445Z] [unzip] Entry: client/assets/provider-icons/auth_service_oidc.svg (compressed_size=414 bytes, uncompressed_size=858 bytes)
[debug] [2025-05-09T23:43:46.445Z] [unzip] Processing entry: client/assets/provider-icons/auth_service_oidc.svg
[debug] [2025-05-09T23:43:46.446Z] [unzip] else mkdir: /Users/ethanmaldonado/.cache/firebase/emulators/ui-v1.14.0/client/assets/provider-icons
[debug] [2025-05-09T23:43:46.446Z] [unzip] deflating: /Users/ethanmaldonado/.cache/firebase/emulators/ui-v1.14.0/client/assets/provider-icons/auth_service_oidc.svg
[debug] [2025-05-09T23:43:46.446Z] [unzip] Entry: client/browserconfig.xml (compressed_size=491 bytes, uncompressed_size=822 bytes)
[debug] [2025-05-09T23:43:46.446Z] [unzip] Processing entry: client/browserconfig.xml
[debug] [2025-05-09T23:43:46.446Z] [unzip] else mkdir: /Users/ethanmaldonado/.cache/firebase/emulators/ui-v1.14.0/client
[debug] [2025-05-09T23:43:46.446Z] [unzip] deflating: /Users/ethanmaldonado/.cache/firebase/emulators/ui-v1.14.0/client/browserconfig.xml
[debug] [2025-05-09T23:43:46.446Z] [unzip] Entry: client/favicon-32x32.png (compressed_size=475 bytes, uncompressed_size=475 bytes)
[debug] [2025-05-09T23:43:46.446Z] [unzip] Processing entry: client/favicon-32x32.png
[debug] [2025-05-09T23:43:46.446Z] [unzip] else mkdir: /Users/ethanmaldonado/.cache/firebase/emulators/ui-v1.14.0/client
[debug] [2025-05-09T23:43:46.446Z] [unzip] Writing file: /Users/ethanmaldonado/.cache/firebase/emulators/ui-v1.14.0/client/favicon-32x32.png
[debug] [2025-05-09T23:43:46.446Z] [unzip] Entry: server/ (compressed_size=0 bytes, uncompressed_size=0 bytes)
[debug] [2025-05-09T23:43:46.446Z] [unzip] Processing entry: server/
[debug] [2025-05-09T23:43:46.446Z] [unzip] mkdir: /Users/ethanmaldonado/.cache/firebase/emulators/ui-v1.14.0/server/
[debug] [2025-05-09T23:43:46.446Z] [unzip] Entry: server/server.mjs.map (compressed_size=296496 bytes, uncompressed_size=1355667 bytes)
[debug] [2025-05-09T23:43:46.446Z] [unzip] Processing entry: server/server.mjs.map
[debug] [2025-05-09T23:43:46.446Z] [unzip] else mkdir: /Users/ethanmaldonado/.cache/firebase/emulators/ui-v1.14.0/server
[debug] [2025-05-09T23:43:46.446Z] [unzip] deflating: /Users/ethanmaldonado/.cache/firebase/emulators/ui-v1.14.0/server/server.mjs.map
[debug] [2025-05-09T23:43:46.449Z] [unzip] Entry: server/server.mjs (compressed_size=315701 bytes, uncompressed_size=1172682 bytes)
[debug] [2025-05-09T23:43:46.449Z] [unzip] Processing entry: server/server.mjs
[debug] [2025-05-09T23:43:46.449Z] [unzip] else mkdir: /Users/ethanmaldonado/.cache/firebase/emulators/ui-v1.14.0/server
[debug] [2025-05-09T23:43:46.449Z] [unzip] deflating: /Users/ethanmaldonado/.cache/firebase/emulators/ui-v1.14.0/server/server.mjs
[debug] [2025-05-09T23:43:46.451Z] [unzip] Entry: server/assets/ (compressed_size=0 bytes, uncompressed_size=0 bytes)
[debug] [2025-05-09T23:43:46.451Z] [unzip] Processing entry: server/assets/
[debug] [2025-05-09T23:43:46.451Z] [unzip] mkdir: /Users/ethanmaldonado/.cache/firebase/emulators/ui-v1.14.0/server/assets/
[debug] [2025-05-09T23:43:46.451Z] [unzip] Entry: server/assets/multipart-parser-DGCUZdXu.mjs.map (compressed_size=4791 bytes, uncompressed_size=17918 bytes)
[debug] [2025-05-09T23:43:46.451Z] [unzip] Processing entry: server/assets/multipart-parser-DGCUZdXu.mjs.map
[debug] [2025-05-09T23:43:46.451Z] [unzip] else mkdir: /Users/ethanmaldonado/.cache/firebase/emulators/ui-v1.14.0/server/assets
[debug] [2025-05-09T23:43:46.452Z] [unzip] deflating: /Users/ethanmaldonado/.cache/firebase/emulators/ui-v1.14.0/server/assets/multipart-parser-DGCUZdXu.mjs.map
[debug] [2025-05-09T23:43:46.452Z] [unzip] Entry: server/assets/multipart-parser-DGCUZdXu.mjs (compressed_size=2621 bytes, uncompressed_size=10390 bytes)
[debug] [2025-05-09T23:43:46.452Z] [unzip] Processing entry: server/assets/multipart-parser-DGCUZdXu.mjs
[debug] [2025-05-09T23:43:46.452Z] [unzip] else mkdir: /Users/ethanmaldonado/.cache/firebase/emulators/ui-v1.14.0/server/assets
[debug] [2025-05-09T23:43:46.452Z] [unzip] deflating: /Users/ethanmaldonado/.cache/firebase/emulators/ui-v1.14.0/server/assets/multipart-parser-DGCUZdXu.mjs
[debug] [2025-05-09T23:43:46.455Z] Could not find VSCode notification endpoint: FetchError: request to http://localhost:40001/vscode/notify failed, reason: connect ECONNREFUSED ::1:40001. If you are not running the Firebase Data Connect VSCode extension, this is expected and not an issue.
[info] 
┌─────────────────────────────────────────────────────────────┐
│ ✔  All emulators ready! It is now safe to connect your app. │
│ i  View Emulator UI at http://127.0.0.1:4000/               │
└─────────────────────────────────────────────────────────────┘

┌──────────┬────────────────┬────────────────────────────────┐
│ Emulator │ Host:Port      │ View in Emulator UI            │
├──────────┼────────────────┼────────────────────────────────┤
│ Database │ 127.0.0.1:9000 │ http://127.0.0.1:4000/database │
└──────────┴────────────────┴────────────────────────────────┘
  Emulator Hub host: 127.0.0.1 port: 4400
  Other reserved ports: 4500

Issues? Report them at https://github.com/firebase/firebase-tools/issues and attach the *-debug.log files.
 
[debug] [2025-05-09T23:56:22.378Z] 16:56:22.378 [NamespaceSystem-akka.actor.default-dispatcher-9] INFO com.firebase.core.namespace.NamespaceActor - blackjack-52623 successfully activated FBKV (SurveyIdle(0)) wait: 55ms, init: 0ms
 {"metadata":{"emulator":{"name":"database"},"message":"16:56:22.378 [NamespaceSystem-akka.actor.default-dispatcher-9] INFO com.firebase.core.namespace.NamespaceActor - blackjack-52623 successfully activated FBKV (SurveyIdle(0)) wait: 55ms, init: 0ms\n"}}
[debug] [2025-05-09T23:58:54.962Z] 16:58:54.962 [FirebaseWorkerPool-1-1] WARN com.firebase.core.persistence.backend.dummy.EmulatorMetadataPersistence - Multiple projectIds are not recommended in single project mode. Requested 
namespace fake-server, but the emulator is configured for blackjack-52623. To 
opt-out of single project mode add/set the singleProjectMode: false property in 
the firebase.json emulators config. 
 {"metadata":{"emulator":{"name":"database"},"message":"16:58:54.962 [FirebaseWorkerPool-1-1] WARN com.firebase.core.persistence.backend.dummy.EmulatorMetadataPersistence - Multiple projectIds are not recommended in single project mode. Requested \nnamespace fake-server, but the emulator is configured for blackjack-52623. To \nopt-out of single project mode add/set the singleProjectMode: false property in \nthe firebase.json emulators config. \n"}}
[debug] [2025-05-09T23:58:54.966Z] 16:58:54.966 [NamespaceSystem-akka.actor.default-dispatcher-17] INFO com.firebase.core.namespace.NamespaceActor - fake-server successfully activated FBKV (SurveyIdle(0)) wait: 2ms, init: 0ms
 {"metadata":{"emulator":{"name":"database"},"message":"16:58:54.966 [NamespaceSystem-akka.actor.default-dispatcher-17] INFO com.firebase.core.namespace.NamespaceActor - fake-server successfully activated FBKV (SurveyIdle(0)) wait: 2ms, init: 0ms\n"}}
